<?xml version="1.0" encoding="UTF-8"?>
<!-- Generated by org.testng.reporters.JUnitXMLReporter -->
<testsuite hostname="Brad" ignored="0" name="Test" tests="6" failures="0" timestamp="12 Jul 2017 14:32:53 GMT" time="15.946" errors="0">
  <testcase name="testTitle" time="0.014" classname="Autotrader.ATTest"/>
  <testcase name="testCarSearchRadius" time="0.244" classname="Autotrader.ATTest"/>
  <testcase name="testCarSearchMake" time="0.495" classname="Autotrader.ATTest"/>
  <testcase name="testCarSearchModel" time="0.495" classname="Autotrader.ATTest"/>
  <testcase name="testCarSearchMaxPrice" time="0.386" classname="Autotrader.ATTest"/>
  <testcase name="testCarPostcode" time="6.365" classname="Autotrader.ATTest"/>
</testsuite> <!-- Test -->
