<?xml version="1.0" encoding="UTF-8"?>
<!-- Generated by org.testng.reporters.JUnitXMLReporter -->
<testsuite hostname="Brad" ignored="0" name="Test" tests="6" failures="6" timestamp="12 Jul 2017 13:22:40 GMT" time="0.087" errors="0">
  <testcase name="testTitle" time="0.016" classname="Autotrader.ATTest">
    <failure type="java.lang.NullPointerException">
      <![CDATA[java.lang.NullPointerException
	at Autotrader.ATTest.testTitle(ATTest.java:57)
... Removed 25 stack frames]]>
    </failure>
  </testcase> <!-- testTitle -->
  <testcase name="testCarSearchRadius" time="0.002" classname="Autotrader.ATTest">
    <failure type="java.lang.NullPointerException">
      <![CDATA[java.lang.NullPointerException
	at Autotrader.ATTest.testCarSearchRadius(ATTest.java:66)
... Removed 25 stack frames]]>
    </failure>
  </testcase> <!-- testCarSearchRadius -->
  <testcase name="testCarSearchMake" time="0.002" classname="Autotrader.ATTest">
    <failure type="java.lang.NullPointerException">
      <![CDATA[java.lang.NullPointerException
	at Autotrader.ATTest.testCarSearchMake(ATTest.java:77)
... Removed 25 stack frames]]>
    </failure>
  </testcase> <!-- testCarSearchMake -->
  <testcase name="testCarSearchModel" time="0.005" classname="Autotrader.ATTest">
    <failure type="java.lang.NullPointerException">
      <![CDATA[java.lang.NullPointerException
	at Autotrader.ATTest.testCarSearchModel(ATTest.java:91)
... Removed 25 stack frames]]>
    </failure>
  </testcase> <!-- testCarSearchModel -->
  <testcase name="testCarSearchMaxPrice" time="0.002" classname="Autotrader.ATTest">
    <failure type="java.lang.NullPointerException">
      <![CDATA[java.lang.NullPointerException
	at Autotrader.ATTest.testCarSearchMaxPrice(ATTest.java:104)
... Removed 25 stack frames]]>
    </failure>
  </testcase> <!-- testCarSearchMaxPrice -->
  <testcase name="testCarPostcode" time="0.002" classname="Autotrader.ATTest">
    <failure type="java.lang.NullPointerException">
      <![CDATA[java.lang.NullPointerException
	at Autotrader.ATTest.testCarPostcode(ATTest.java:114)
... Removed 25 stack frames]]>
    </failure>
  </testcase> <!-- testCarPostcode -->
</testsuite> <!-- Test -->
