<?xml version="1.0" encoding="UTF-8"?>
<!-- Generated by org.testng.reporters.JUnitXMLReporter -->
<testsuite hostname="Brad" ignored="0" name="Command line test" tests="6" failures="6" timestamp="12 Jul 2017 13:18:51 GMT" time="0.071" errors="0">
  <testcase name="testTitle" time="0.009" classname="Autotrader.ATTest">
    <failure type="java.lang.NullPointerException">
      <![CDATA[java.lang.NullPointerException
	at Autotrader.ATTest.testTitle(ATTest.java:56)
... Removed 34 stack frames]]>
    </failure>
  </testcase> <!-- testTitle -->
  <testcase name="testCarSearchRadius" time="0.001" classname="Autotrader.ATTest">
    <failure type="java.lang.NullPointerException">
      <![CDATA[java.lang.NullPointerException
	at Autotrader.ATTest.testCarSearchRadius(ATTest.java:65)
... Removed 34 stack frames]]>
    </failure>
  </testcase> <!-- testCarSearchRadius -->
  <testcase name="testCarSearchMake" time="0.001" classname="Autotrader.ATTest">
    <failure type="java.lang.NullPointerException">
      <![CDATA[java.lang.NullPointerException
	at Autotrader.ATTest.testCarSearchMake(ATTest.java:76)
... Removed 34 stack frames]]>
    </failure>
  </testcase> <!-- testCarSearchMake -->
  <testcase name="testCarSearchModel" time="0.0" classname="Autotrader.ATTest">
    <failure type="java.lang.NullPointerException">
      <![CDATA[java.lang.NullPointerException
	at Autotrader.ATTest.testCarSearchModel(ATTest.java:90)
... Removed 34 stack frames]]>
    </failure>
  </testcase> <!-- testCarSearchModel -->
  <testcase name="testCarSearchMaxPrice" time="0.0" classname="Autotrader.ATTest">
    <failure type="java.lang.NullPointerException">
      <![CDATA[java.lang.NullPointerException
	at Autotrader.ATTest.testCarSearchMaxPrice(ATTest.java:103)
... Removed 34 stack frames]]>
    </failure>
  </testcase> <!-- testCarSearchMaxPrice -->
  <testcase name="testCarPostcode" time="0.0" classname="Autotrader.ATTest">
    <failure type="java.lang.NullPointerException">
      <![CDATA[java.lang.NullPointerException
	at Autotrader.ATTest.testCarPostcode(ATTest.java:113)
... Removed 34 stack frames]]>
    </failure>
  </testcase> <!-- testCarPostcode -->
</testsuite> <!-- Command line test -->
