<?xml version="1.0" encoding="UTF-8"?>
<!-- Generated by org.testng.reporters.JUnitXMLReporter -->
<testsuite hostname="Brad" ignored="0" name="Command line test" tests="1" failures="1" timestamp="12 Jul 2017 12:39:20 GMT" time="2.089" errors="0">
  <testcase name="setup" time="0.154" classname="Autotrader.ATTest">
    <failure type="java.lang.NullPointerException">
      <![CDATA[java.lang.NullPointerException
	at com.google.common.base.Preconditions.checkNotNull(Preconditions.java:212)
	at org.openqa.selenium.support.ui.FluentWait.<init>(FluentWait.java:94)
	at org.openqa.selenium.support.ui.WebDriverWait.<init>(WebDriverWait.java:70)
	at org.openqa.selenium.support.ui.WebDriverWait.<init>(WebDriverWait.java:44)
	at Autotrader.ATTest.setup(ATTest.java:52)
... Removed 34 stack frames]]>
    </failure>
  </testcase> <!-- setup -->
</testsuite> <!-- Command line test -->
