<?xml version="1.0" encoding="UTF-8" ?>
<testsuite tests="6" failures="6" name="Autotrader.ATTest" time="0.022" errors="0" skipped="0">
  <properties>
[...]
</properties>
  <testcase classname="Autotrader.ATTest" name="testTitle" time="0.015">
    <failure type="java.lang.NullPointerException">java.lang.NullPointerException
	at Autotrader.ATTest.testTitle(ATTest.java:56)
</failure>
    <system-out>Configuring TestNG with: org.apache.maven.surefire.testng.conf.TestNG652Configurator@59f95c5d
</system-out>
  </testcase>
  <testcase classname="Autotrader.ATTest" name="testCarSearchRadius" time="0.002">
    <failure type="java.lang.NullPointerException">java.lang.NullPointerException
	at Autotrader.ATTest.testCarSearchRadius(ATTest.java:65)
</failure>
  </testcase>
  <testcase classname="Autotrader.ATTest" name="testCarSearchMake" time="0.001">
    <failure type="java.lang.NullPointerException">java.lang.NullPointerException
	at Autotrader.ATTest.testCarSearchMake(ATTest.java:76)
</failure>
  </testcase>
  <testcase classname="Autotrader.ATTest" name="testCarSearchModel" time="0.001">
    <failure type="java.lang.NullPointerException">java.lang.NullPointerException
	at Autotrader.ATTest.testCarSearchModel(ATTest.java:90)
</failure>
  </testcase>
  <testcase classname="Autotrader.ATTest" name="testCarSearchMaxPrice" time="0.002">
    <failure type="java.lang.NullPointerException">java.lang.NullPointerException
	at Autotrader.ATTest.testCarSearchMaxPrice(ATTest.java:103)
</failure>
  </testcase>
  <testcase classname="Autotrader.ATTest" name="testCarPostcode" time="0.001">
    <failure type="java.lang.NullPointerException">java.lang.NullPointerException
	at Autotrader.ATTest.testCarPostcode(ATTest.java:113)
</failure>
  </testcase>
</testsuite>