<?xml version="1.0" encoding="UTF-8"?>
<testng-results skipped="0" failed="0" ignored="0" total="6" passed="6">
  <reporter-output>
  </reporter-output>
  <suite name="Default suite" duration-ms="19852" started-at="2017-07-12T15:05:29Z" finished-at="2017-07-12T15:05:49Z">
    <groups>
    </groups>
    <test name="Default test" duration-ms="19852" started-at="2017-07-12T15:05:29Z" finished-at="2017-07-12T15:05:49Z">
      <class name="Autotrader.ATTest">
        <test-method status="PASS" signature="setup()[pri:0, instance:Autotrader.ATTest@3bfdc050]" name="setup" is-config="true" duration-ms="9619" started-at="2017-07-12T16:05:29Z" finished-at="2017-07-12T16:05:39Z">
          <reporter-output>
          </reporter-output>
        </test-method> <!-- setup -->
        <test-method status="PASS" signature="testTitle()[pri:1, instance:Autotrader.ATTest@3bfdc050]" name="testTitle" duration-ms="76" started-at="2017-07-12T16:05:39Z" finished-at="2017-07-12T16:05:39Z">
          <reporter-output>
          </reporter-output>
        </test-method> <!-- testTitle -->
        <test-method status="PASS" signature="testCarSearchRadius()[pri:2, instance:Autotrader.ATTest@3bfdc050]" name="testCarSearchRadius" duration-ms="278" started-at="2017-07-12T16:05:39Z" finished-at="2017-07-12T16:05:39Z">
          <reporter-output>
          </reporter-output>
        </test-method> <!-- testCarSearchRadius -->
        <test-method status="PASS" signature="testCarSearchMake()[pri:3, instance:Autotrader.ATTest@3bfdc050]" name="testCarSearchMake" duration-ms="563" started-at="2017-07-12T16:05:39Z" finished-at="2017-07-12T16:05:40Z">
          <reporter-output>
          </reporter-output>
        </test-method> <!-- testCarSearchMake -->
        <test-method status="PASS" signature="testCarSearchModel()[pri:4, instance:Autotrader.ATTest@3bfdc050]" name="testCarSearchModel" duration-ms="620" started-at="2017-07-12T16:05:40Z" finished-at="2017-07-12T16:05:40Z">
          <reporter-output>
          </reporter-output>
        </test-method> <!-- testCarSearchModel -->
        <test-method status="PASS" signature="testCarSearchMaxPrice()[pri:5, instance:Autotrader.ATTest@3bfdc050]" name="testCarSearchMaxPrice" duration-ms="542" started-at="2017-07-12T16:05:40Z" finished-at="2017-07-12T16:05:41Z">
          <reporter-output>
          </reporter-output>
        </test-method> <!-- testCarSearchMaxPrice -->
        <test-method status="PASS" signature="testCarPostcode()[pri:6, instance:Autotrader.ATTest@3bfdc050]" name="testCarPostcode" duration-ms="8115" started-at="2017-07-12T16:05:41Z" finished-at="2017-07-12T16:05:49Z">
          <reporter-output>
          </reporter-output>
        </test-method> <!-- testCarPostcode -->
        <test-method status="PASS" signature="teardown()[pri:0, instance:Autotrader.ATTest@3bfdc050]" name="teardown" is-config="true" duration-ms="2" started-at="2017-07-12T16:05:49Z" finished-at="2017-07-12T16:05:49Z">
          <reporter-output>
          </reporter-output>
        </test-method> <!-- teardown -->
      </class> <!-- Autotrader.ATTest -->
    </test> <!-- Default test -->
  </suite> <!-- Default suite -->
</testng-results>
